UUID        = fd2b067e-fbf8-4d99-b0b4-e36e50ae9907
ScanDate    = 20240915_141227
LogVersion  = EJA_1
LogDataType = ECG
SampleTime  = 1

ACQ_TIME_TICS  CHANNEL  VALUE  SIGNAL

     20502818     ECG1   3633 
     20502819     ECG1   3633 
     20502820     ECG1   3633 
     20502821     ECG1   3633 
     20502822     ECG1   3633 
     20502823     ECG1   3633 
     20502824     ECG1   3633 
     20502825     ECG1   3633 
     20502826     ECG1   3633 
     20502827     ECG1   3633 
     20502828     ECG1   3633 
     20502829     ECG1   3633 
     20502830     ECG1   3633 
     20502831     ECG1   3633 
     20502832     ECG1   3633 
     20502833     ECG1   3633 
     20502834     ECG1   3633 
     20502835     ECG1   3633 
     20502836     ECG1   3633 
     20502837     ECG1   3633 
     20502838     ECG1   3633 
     20502839     ECG1   3633 
     20502840     ECG1   3633 
     20502818     ECG2   2931 
     20502819     ECG2   2931 
     20502820     ECG2   2931 
     20502821     ECG2   2931 
     20502822     ECG2   2931 
     20502823     ECG2   2931 
     20502824     ECG2   2931 
     20502825     ECG2   2931 
     20502826     ECG2   2931 
     20502827     ECG2   2931 
     20502828     ECG2   2931 
     20502829     ECG2   2931 
     20502830     ECG2   2931 
     20502831     ECG2   2931 
     20502832     ECG2   2931 
     20502833     ECG2   2931 
     20502834     ECG2   2931 
     20502835     ECG2   2931 
     20502836     ECG2   2931 
     20502837     ECG2   2931 
     20502838     ECG2   2931 
     20502839     ECG2   2931 
     20502840     ECG2   2931 
     20502818     ECG3   3517 
     20502819     ECG3   3517 
     20502820     ECG3   3517 
     20502821     ECG3   3517 
     20502822     ECG3   3517 
     20502823     ECG3   3517 
     20502824     ECG3   3517 
     20502825     ECG3   3517 
     20502826     ECG3   3517 
     20502827     ECG3   3517 
     20502828     ECG3   3517 
     20502829     ECG3   3517 
     20502830     ECG3   3517 
     20502831     ECG3   3517 
     20502832     ECG3   3517 
     20502833     ECG3   3517 
     20502834     ECG3   3517 
     20502835     ECG3   3517 
     20502836     ECG3   3517 
     20502837     ECG3   3517 
     20502838     ECG3   3517 
     20502839     ECG3   3517 
     20502840     ECG3   3517 
     20502818     ECG4   3930 
     20502819     ECG4   3930 
     20502820     ECG4   3930 
     20502821     ECG4   3930 
     20502822     ECG4   3930 
     20502823     ECG4   3930 
     20502824     ECG4   3930 
     20502825     ECG4   3930 
     20502826     ECG4   3930 
     20502827     ECG4   3930 
     20502828     ECG4   3930 
     20502829     ECG4   3930 
     20502830     ECG4   3930 
     20502831     ECG4   3930 
     20502832     ECG4   3930 
     20502833     ECG4   3930 
     20502834     ECG4   3930 
     20502835     ECG4   3930 
     20502836     ECG4   3930 
     20502837     ECG4   3930 
     20502838     ECG4   3930 
     20502839     ECG4   3930 
     20502840     ECG4   3930 
     20502841     ECG1   3633 
     20502842     ECG1   3633 
     20502843     ECG1   3633 
     20502844     ECG1   3633 
     20502845     ECG1   3633 
     20502846     ECG1   3633 
     20502847     ECG1   3633 
     20502848     ECG1   3633 
     20502849     ECG1   3633 
     20502850     ECG1   3633 
     20502851     ECG1   3633 
     20502852     ECG1   3633 
     20502853     ECG1   3633 
     20502854     ECG1   3633 
     20502855     ECG1   3633 
     20502856     ECG1   3633 
     20502857     ECG1   3633 
     20502858     ECG1   3633 
     20502859     ECG1   3633 
     20502860     ECG1   3633 
     20502861     ECG1   3633 
     20502862     ECG1   3633 
     20502863     ECG1   3633 
     20502864     ECG1   3633 
     20502865     ECG1   3633 
     20502866     ECG1   3633 
     20502867     ECG1   3633 
     20502868     ECG1   3633 
     20502869     ECG1   3633 
     20502870     ECG1   3633 
     20502871     ECG1   3633 
     20502872     ECG1   3633 
     20502873     ECG1   3633 
     20502874     ECG1   3633 
     20502875     ECG1   3633 
     20502876     ECG1   3633 
     20502877     ECG1   3633 
     20502878     ECG1   3633 
     20502879     ECG1   3633 
     20502880     ECG1   3633 
     20502841     ECG2   2931 
     20502842     ECG2   2931 
     20502843     ECG2   2931 
     20502844     ECG2   2931 
     20502845     ECG2   2931 
     20502846     ECG2   2931 
     20502847     ECG2   2931 
     20502848     ECG2   2931 
     20502849     ECG2   2931 
     20502850     ECG2   2931 
     20502851     ECG2   2931 
     20502852     ECG2   2931 
     20502853     ECG2   2931 
     20502854     ECG2   2931 
     20502855     ECG2   2931 
     20502856     ECG2   2931 
     20502857     ECG2   2931 
     20502858     ECG2   2931 
     20502859     ECG2   2931 
     20502860     ECG2   2931 
     20502861     ECG2   2931 
     20502862     ECG2   2931 
     20502863     ECG2   2931 
     20502864     ECG2   2931 
     20502865     ECG2   2931 
     20502866     ECG2   2931 
     20502867     ECG2   2931 
     20502868     ECG2   2931 
     20502869     ECG2   2931 
     20502870     ECG2   2931 
     20502871     ECG2   2931 
     20502872     ECG2   2931 
     20502873     ECG2   2931 
     20502874     ECG2   2931 
     20502875     ECG2   2931 
     20502876     ECG2   2931 
     20502877     ECG2   2931 
     20502878     ECG2   2931 
     20502879     ECG2   2931 
     20502880     ECG2   2931 
     20502841     ECG3   3517 
     20502842     ECG3   3517 
     20502843     ECG3   3517 
     20502844     ECG3   3517 
     20502845     ECG3   3517 
     20502846     ECG3   3517 
     20502847     ECG3   3517 
     20502848     ECG3   3517 
     20502849     ECG3   3517 
     20502850     ECG3   3517 
     20502851     ECG3   3517 
     20502852     ECG3   3517 
     20502853     ECG3   3517 
     20502854     ECG3   3517 
     20502855     ECG3   3517 
     20502856     ECG3   3517 
     20502857     ECG3   3517 
     20502858     ECG3   3517 
     20502859     ECG3   3517 
     20502860     ECG3   3517 
     20502861     ECG3   3517 
     20502862     ECG3   3517 
     20502863     ECG3   3517 
     20502864     ECG3   3517 
     20502865     ECG3   3517 
     20502866     ECG3   3517 
     20502867     ECG3   3517 
     20502868     ECG3   3517 
     20502869     ECG3   3517 
     20502870     ECG3   3517 
     20502871     ECG3   3517 
     20502872     ECG3   3517 
     20502873     ECG3   3517 
     20502874     ECG3   3517 
     20502875     ECG3   3517 
     20502876     ECG3   3517 
     20502877     ECG3   3517 
     20502878     ECG3   3517 
     20502879     ECG3   3517 
     20502880     ECG3   3517 
     20502841     ECG4   3930 
     20502842     ECG4   3930 
     20502843     ECG4   3930 
     20502844     ECG4   3930 
     20502845     ECG4   3930 
     20502846     ECG4   3930 
     20502847     ECG4   3930 
     20502848     ECG4   3930 
     20502849     ECG4   3930 
     20502850     ECG4   3930 
     20502851     ECG4   3930 
     20502852     ECG4   3930 
     20502853     ECG4   3930 
     20502854     ECG4   3930 
     20502855     ECG4   3930 
     20502856     ECG4   3930 
     20502857     ECG4   3930 
     20502858     ECG4   3930 
     20502859     ECG4   3930 
     20502860     ECG4   3930 
     20502861     ECG4   3930 
     20502862     ECG4   3930 
     20502863     ECG4   3930 
     20502864     ECG4   3930 
     20502865     ECG4   3930 
     20502866     ECG4   3930 
     20502867     ECG4   3930 
     20502868     ECG4   3930 
     20502869     ECG4   3930 
     20502870     ECG4   3930 
     20502871     ECG4   3930 
     20502872     ECG4   3930 
     20502873     ECG4   3930 
     20502874     ECG4   3930 
     20502875     ECG4   3930 
     20502876     ECG4   3930 
     20502877     ECG4   3930 
     20502878     ECG4   3930 
     20502879     ECG4   3930 
     20502880     ECG4   3930 
     20502881     ECG1   3633 
     20502882     ECG1   3633 
     20502883     ECG1   3633 
     20502884     ECG1   3633 
     20502885     ECG1   3633 
     20502886     ECG1   3633 
     20502887     ECG1   3633 
     20502888     ECG1   3633 
     20502889     ECG1   3633 
     20502890     ECG1   3633 
     20502891     ECG1   3633 
     20502892     ECG1   3633 
     20502893     ECG1   3633 
     20502894     ECG1   3633 
     20502895     ECG1   3633 
     20502896     ECG1   3633 
     20502897     ECG1   3633 
     20502898     ECG1   3633 
     20502899     ECG1   3633 
     20502900     ECG1   3633 
     20502901     ECG1   3633 
     20502902     ECG1   3633 
     20502903     ECG1   3633 
     20502904     ECG1   3633 
     20502905     ECG1   3633 
     20502906     ECG1   3633 
     20502907     ECG1   3633 
     20502908     ECG1   3633 
     20502909     ECG1   3633 
     20502910     ECG1   3633 
     20502911     ECG1   3633 
     20502912     ECG1   3633 
     20502913     ECG1   3633 
     20502914     ECG1   3633 
     20502915     ECG1   3633 
     20502916     ECG1   3633 
     20502917     ECG1   3633 
     20502918     ECG1   3633 
     20502919     ECG1   3633 
     20502920     ECG1   3633 
     20502881     ECG2   2931 
     20502882     ECG2   2931 
     20502883     ECG2   2931 
     20502884     ECG2   2931 
     20502885     ECG2   2931 
     20502886     ECG2   2931 
     20502887     ECG2   2931 
     20502888     ECG2   2931 
     20502889     ECG2   2931 
     20502890     ECG2   2931 
     20502891     ECG2   2931 
     20502892     ECG2   2931 
     20502893     ECG2   2931 
     20502894     ECG2   2931 
     20502895     ECG2   2931 
     20502896     ECG2   2931 
     20502897     ECG2   2931 
     20502898     ECG2   2931 
     20502899     ECG2   2931 
     20502900     ECG2   2931 
     20502901     ECG2   2931 
     20502902     ECG2   2931 
     20502903     ECG2   2931 
     20502904     ECG2   2931 
     20502905     ECG2   2931 
     20502906     ECG2   2931 
     20502907     ECG2   2931 
     20502908     ECG2   2931 
     20502909     ECG2   2931 
     20502910     ECG2   2931 
     20502911     ECG2   2931 
     20502912     ECG2   2931 
     20502913     ECG2   2931 
     20502914     ECG2   2931 
     20502915     ECG2   2931 
     20502916     ECG2   2931 
     20502917     ECG2   2931 
     20502918     ECG2   2931 
     20502919     ECG2   2931 
     20502920     ECG2   2931 
     20502881     ECG3   3517 
     20502882     ECG3   3517 
     20502883     ECG3   3517 
     20502884     ECG3   3517 
     20502885     ECG3   3517 
     20502886     ECG3   3517 
     20502887     ECG3   3517 
     20502888     ECG3   3517 
     20502889     ECG3   3517 
     20502890     ECG3   3517 
     20502891     ECG3   3517 
     20502892     ECG3   3517 
     20502893     ECG3   3517 
     20502894     ECG3   3517 
     20502895     ECG3   3517 
     20502896     ECG3   3517 
     20502897     ECG3   3517 
     20502898     ECG3   3517 
     20502899     ECG3   3517 
     20502900     ECG3   3517 
     20502901     ECG3   3517 
     20502902     ECG3   3517 
     20502903     ECG3   3517 
     20502904     ECG3   3517 
     20502905     ECG3   3517 
     20502906     ECG3   3517 
     20502907     ECG3   3517 
     20502908     ECG3   3517 
     20502909     ECG3   3517 
     20502910     ECG3   3517 
     20502911     ECG3   3517 
     20502912     ECG3   3517 
     20502913     ECG3   3517 
     20502914     ECG3   3517 
     20502915     ECG3   3517 
     20502916     ECG3   3517 
     20502917     ECG3   3517 
     20502918     ECG3   3517 
     20502919     ECG3   3517 
     20502920     ECG3   3517 
     20502881     ECG4   3930 
     20502882     ECG4   3930 
     20502883     ECG4   3930 
     20502884     ECG4   3930 
     20502885     ECG4   3930 
     20502886     ECG4   3930 
     20502887     ECG4   3930 
     20502888     ECG4   3930 
     20502889     ECG4   3930 
     20502890     ECG4   3930 
     20502891     ECG4   3930 
     20502892     ECG4   3930 
     20502893     ECG4   3930 
     20502894     ECG4   3930 
     20502895     ECG4   3930 
     20502896     ECG4   3930 
     20502897     ECG4   3930 
     20502898     ECG4   3930 
     20502899     ECG4   3930 
     20502900     ECG4   3930 
     20502901     ECG4   3930 
     20502902     ECG4   3930 
     20502903     ECG4   3930 
     20502904     ECG4   3930 
     20502905     ECG4   3930 
     20502906     ECG4   3930 
     20502907     ECG4   3930 
     20502908     ECG4   3930 
     20502909     ECG4   3930 
     20502910     ECG4   3930 
     20502911     ECG4   3930 
     20502912     ECG4   3930 
     20502913     ECG4   3930 
     20502914     ECG4   3930 
     20502915     ECG4   3930 
     20502916     ECG4   3930 
     20502917     ECG4   3930 
     20502918     ECG4   3930 
     20502919     ECG4   3930 
     20502920     ECG4   3930 
     20502921     ECG1   3633 
     20502922     ECG1   3633 
     20502923     ECG1   3633 
     20502921     ECG2   2931 
     20502922     ECG2   2931 
     20502923     ECG2   2931 
     20502921     ECG3   3517 
     20502922     ECG3   3517 
     20502923     ECG3   3517 
     20502921     ECG4   3930 
     20502922     ECG4   3930 
     20502923     ECG4   3930 
     20503134     ECG1   3633 
     20503135     ECG1   3633 
     20503136     ECG1   3633 
     20503137     ECG1   3633 
     20503138     ECG1   3633 
     20503139     ECG1   3633 
     20503140     ECG1   3633 
     20503141     ECG1   3633 
     20503142     ECG1   3633 
     20503143     ECG1   3633 
     20503144     ECG1   3633 
     20503145     ECG1   3633 
     20503146     ECG1   3633 
     20503147     ECG1   3633 
     20503148     ECG1   3633 
     20503149     ECG1   3633 
     20503150     ECG1   3633 
     20503151     ECG1   3633 
     20503152     ECG1   3633 
     20503153     ECG1   3633 
     20503154     ECG1   3633 
     20503155     ECG1   3633 
     20503156     ECG1   3633 
     20503157     ECG1   3633 
     20503158     ECG1   3633 
     20503159     ECG1   3633 
     20503160     ECG1   3633 
     20503134     ECG2   2931 
     20503135     ECG2   2931 
     20503136     ECG2   2931 
     20503137     ECG2   2931 
     20503138     ECG2   2931 
     20503139     ECG2   2931 
     20503140     ECG2   2931 
     20503141     ECG2   2931 
     20503142     ECG2   2931 
     20503143     ECG2   2931 
     20503144     ECG2   2931 
     20503145     ECG2   2931 
     20503146     ECG2   2931 
     20503147     ECG2   2931 
     20503148     ECG2   2931 
     20503149     ECG2   2931 
     20503150     ECG2   2931 
     20503151     ECG2   2931 
     20503152     ECG2   2931 
     20503153     ECG2   2931 
     20503154     ECG2   2931 
     20503155     ECG2   2931 
     20503156     ECG2   2931 
     20503157     ECG2   2931 
     20503158     ECG2   2931 
     20503159     ECG2   2931 
     20503160     ECG2   2931 
     20503134     ECG3   3517 
     20503135     ECG3   3517 
     20503136     ECG3   3517 
     20503137     ECG3   3517 
     20503138     ECG3   3517 
     20503139     ECG3   3517 
     20503140     ECG3   3517 
     20503141     ECG3   3517 
     20503142     ECG3   3517 
     20503143     ECG3   3517 
     20503144     ECG3   3517 
     20503145     ECG3   3517 
     20503146     ECG3   3517 
     20503147     ECG3   3517 
     20503148     ECG3   3517 
     20503149     ECG3   3517 
     20503150     ECG3   3517 
     20503151     ECG3   3517 
     20503152     ECG3   3517 
     20503153     ECG3   3517 
     20503154     ECG3   3517 
     20503155     ECG3   3517 
     20503156     ECG3   3517 
     20503157     ECG3   3517 
     20503158     ECG3   3517 
     20503159     ECG3   3517 
     20503160     ECG3   3517 
     20503134     ECG4   3930 
     20503135     ECG4   3930 
     20503136     ECG4   3930 
     20503137     ECG4   3930 
     20503138     ECG4   3930 
     20503139     ECG4   3930 
     20503140     ECG4   3930 
     20503141     ECG4   3930 
     20503142     ECG4   3930 
     20503143     ECG4   3930 
     20503144     ECG4   3930 
     20503145     ECG4   3930 
     20503146     ECG4   3930 
     20503147     ECG4   3930 
     20503148     ECG4   3930 
     20503149     ECG4   3930 
     20503150     ECG4   3930 
     20503151     ECG4   3930 
     20503152     ECG4   3930 
     20503153     ECG4   3930 
     20503154     ECG4   3930 
     20503155     ECG4   3930 
     20503156     ECG4   3930 
     20503157     ECG4   3930 
     20503158     ECG4   3930 
     20503159     ECG4   3930 
     20503160     ECG4   3930 
     20503161     ECG1   3633 
     20503162     ECG1   3633 
     20503163     ECG1   3633 
     20503164     ECG1   3633 
     20503165     ECG1   3633 
     20503166     ECG1   3633 
     20503167     ECG1   3633 
     20503168     ECG1   3633 
     20503169     ECG1   3633 
     20503170     ECG1   3633 
     20503171     ECG1   3633 
     20503172     ECG1   3633 
     20503173     ECG1   3633 
     20503174     ECG1   3633 
     20503175     ECG1   3633 
     20503176     ECG1   3633 
     20503177     ECG1   3633 
     20503178     ECG1   3633 
     20503179     ECG1   3633 
     20503180     ECG1   3633 
     20503181     ECG1   3633 
     20503182     ECG1   3633 
     20503183     ECG1   3633 
     20503184     ECG1   3633 
     20503185     ECG1   3633 
     20503186     ECG1   3633 
     20503187     ECG1   3633 
     20503188     ECG1   3633 
     20503189     ECG1   3633 
     20503190     ECG1   3633 
     20503191     ECG1   3633 
     20503192     ECG1   3633 
     20503193     ECG1   3633 
     20503194     ECG1   3633 
     20503195     ECG1   3633 
     20503196     ECG1   3633 
     20503197     ECG1   3633 
     20503198     ECG1   3633 
     20503199     ECG1   3633 
     20503200     ECG1   3633 
     20503161     ECG2   2931 
     20503162     ECG2   2931 
     20503163     ECG2   2931 
     20503164     ECG2   2931 
     20503165     ECG2   2931 
     20503166     ECG2   2931 
     20503167     ECG2   2931 
     20503168     ECG2   2931 
     20503169     ECG2   2931 
     20503170     ECG2   2931 
     20503171     ECG2   2931 
     20503172     ECG2   2931 
     20503173     ECG2   2931 
     20503174     ECG2   2931 
     20503175     ECG2   2931 
     20503176     ECG2   2931 
     20503177     ECG2   2931 
     20503178     ECG2   2931 
     20503179     ECG2   2931 
     20503180     ECG2   2931 
     20503181     ECG2   2931 
     20503182     ECG2   2931 
     20503183     ECG2   2931 
     20503184     ECG2   2931 
     20503185     ECG2   2931 
     20503186     ECG2   2931 
     20503187     ECG2   2931 
     20503188     ECG2   2931 
     20503189     ECG2   2931 
     20503190     ECG2   2931 
     20503191     ECG2   2931 
     20503192     ECG2   2931 
     20503193     ECG2   2931 
     20503194     ECG2   2931 
     20503195     ECG2   2931 
     20503196     ECG2   2931 
     20503197     ECG2   2931 
     20503198     ECG2   2931 
     20503199     ECG2   2931 
     20503200     ECG2   2931 
     20503161     ECG3   3517 
     20503162     ECG3   3517 
     20503163     ECG3   3517 
     20503164     ECG3   3517 
     20503165     ECG3   3517 
     20503166     ECG3   3517 
     20503167     ECG3   3517 
     20503168     ECG3   3517 
     20503169     ECG3   3517 
     20503170     ECG3   3517 
     20503171     ECG3   3517 
     20503172     ECG3   3517 
     20503173     ECG3   3517 
     20503174     ECG3   3517 
     20503175     ECG3   3517 
     20503176     ECG3   3517 
     20503177     ECG3   3517 
     20503178     ECG3   3517 
     20503179     ECG3   3517 
     20503180     ECG3   3517 
     20503181     ECG3   3517 
     20503182     ECG3   3517 
     20503183     ECG3   3517 
     20503184     ECG3   3517 
     20503185     ECG3   3517 
     20503186     ECG3   3517 
     20503187     ECG3   3517 
     20503188     ECG3   3517 
     20503189     ECG3   3517 
     20503190     ECG3   3517 
     20503191     ECG3   3517 
     20503192     ECG3   3517 
     20503193     ECG3   3517 
     20503194     ECG3   3517 
     20503195     ECG3   3517 
     20503196     ECG3   3517 
     20503197     ECG3   3517 
     20503198     ECG3   3517 
     20503199     ECG3   3517 
     20503200     ECG3   3517 
     20503161     ECG4   3930 
     20503162     ECG4   3930 
     20503163     ECG4   3930 
     20503164     ECG4   3930 
     20503165     ECG4   3930 
     20503166     ECG4   3930 
     20503167     ECG4   3930 
     20503168     ECG4   3930 
     20503169     ECG4   3930 
     20503170     ECG4   3930 
     20503171     ECG4   3930 
     20503172     ECG4   3930 
     20503173     ECG4   3930 
     20503174     ECG4   3930 
     20503175     ECG4   3930 
     20503176     ECG4   3930 
     20503177     ECG4   3930 
     20503178     ECG4   3930 
     20503179     ECG4   3930 
     20503180     ECG4   3930 
     20503181     ECG4   3930 
     20503182     ECG4   3930 
     20503183     ECG4   3930 
     20503184     ECG4   3930 
     20503185     ECG4   3930 
     20503186     ECG4   3930 
     20503187     ECG4   3930 
     20503188     ECG4   3930 
     20503189     ECG4   3930 
     20503190     ECG4   3930 
     20503191     ECG4   3930 
     20503192     ECG4   3930 
     20503193     ECG4   3930 
     20503194     ECG4   3930 
     20503195     ECG4   3930 
     20503196     ECG4   3930 
     20503197     ECG4   3930 
     20503198     ECG4   3930 
     20503199     ECG4   3930 
     20503200     ECG4   3930 
     20503201     ECG1   3633 
     20503202     ECG1   3633 
     20503203     ECG1   3633 
     20503204     ECG1   3633 
     20503205     ECG1   3633 
     20503206     ECG1   3633 
     20503207     ECG1   3633 
     20503208     ECG1   3633 
     20503209     ECG1   3633 
     20503210     ECG1   3633 
     20503211     ECG1   3633 
     20503212     ECG1   3633 
     20503213     ECG1   3633 
     20503214     ECG1   3633 
     20503215     ECG1   3633 
     20503216     ECG1   3633 
     20503217     ECG1   3633 
     20503218     ECG1   3633 
     20503219     ECG1   3633 
     20503220     ECG1   3633 
     20503221     ECG1   3633 
     20503222     ECG1   3633 
     20503223     ECG1   3633 
     20503224     ECG1   3633 
     20503225     ECG1   3633 
     20503226     ECG1   3633 
     20503227     ECG1   3633 
     20503228     ECG1   3633 
     20503229     ECG1   3633 
     20503230     ECG1   3633 
     20503231     ECG1   3633 
     20503232     ECG1   3633 
     20503233     ECG1   3633 
     20503234     ECG1   3633 
     20503235     ECG1   3633 
     20503236     ECG1   3633 
     20503201     ECG2   2931 
     20503202     ECG2   2931 
     20503203     ECG2   2931 
     20503204     ECG2   2931 
     20503205     ECG2   2931 
     20503206     ECG2   2931 
     20503207     ECG2   2931 
     20503208     ECG2   2931 
     20503209     ECG2   2931 
     20503210     ECG2   2931 
     20503211     ECG2   2931 
     20503212     ECG2   2931 
     20503213     ECG2   2931 
     20503214     ECG2   2931 
     20503215     ECG2   2931 
     20503216     ECG2   2931 
     20503217     ECG2   2931 
     20503218     ECG2   2931 
     20503219     ECG2   2931 
     20503220     ECG2   2931 
     20503221     ECG2   2931 
     20503222     ECG2   2931 
     20503223     ECG2   2931 
     20503224     ECG2   2931 
     20503225     ECG2   2931 
     20503226     ECG2   2931 
     20503227     ECG2   2931 
     20503228     ECG2   2931 
     20503229     ECG2   2931 
     20503230     ECG2   2931 
     20503231     ECG2   2931 
     20503232     ECG2   2931 
     20503233     ECG2   2931 
     20503234     ECG2   2931 
     20503235     ECG2   2931 
     20503236     ECG2   2931 
     20503201     ECG3   3517 
     20503202     ECG3   3517 
     20503203     ECG3   3517 
     20503204     ECG3   3517 
     20503205     ECG3   3517 
     20503206     ECG3   3517 
     20503207     ECG3   3517 
     20503208     ECG3   3517 
     20503209     ECG3   3517 
     20503210     ECG3   3517 
     20503211     ECG3   3517 
     20503212     ECG3   3517 
     20503213     ECG3   3517 
     20503214     ECG3   3517 
     20503215     ECG3   3517 
     20503216     ECG3   3517 
     20503217     ECG3   3517 
     20503218     ECG3   3517 
     20503219     ECG3   3517 
     20503220     ECG3   3517 
     20503221     ECG3   3517 
     20503222     ECG3   3517 
     20503223     ECG3   3517 
     20503224     ECG3   3517 
     20503225     ECG3   3517 
     20503226     ECG3   3517 
     20503227     ECG3   3517 
     20503228     ECG3   3517 
     20503229     ECG3   3517 
     20503230     ECG3   3517 
     20503231     ECG3   3517 
     20503232     ECG3   3517 
     20503233     ECG3   3517 
     20503234     ECG3   3517 
     20503235     ECG3   3517 
     20503236     ECG3   3517 
     20503201     ECG4   3930 
     20503202     ECG4   3930 
     20503203     ECG4   3930 
     20503204     ECG4   3930 
     20503205     ECG4   3930 
     20503206     ECG4   3930 
     20503207     ECG4   3930 
     20503208     ECG4   3930 
     20503209     ECG4   3930 
     20503210     ECG4   3930 
     20503211     ECG4   3930 
     20503212     ECG4   3930 
     20503213     ECG4   3930 
     20503214     ECG4   3930 
     20503215     ECG4   3930 
     20503216     ECG4   3930 
     20503217     ECG4   3930 
     20503218     ECG4   3930 
     20503219     ECG4   3930 
     20503220     ECG4   3930 
     20503221     ECG4   3930 
     20503222     ECG4   3930 
     20503223     ECG4   3930 
     20503224     ECG4   3930 
     20503225     ECG4   3930 
     20503226     ECG4   3930 
     20503227     ECG4   3930 
     20503228     ECG4   3930 
     20503229     ECG4   3930 
     20503230     ECG4   3930 
     20503231     ECG4   3930 
     20503232     ECG4   3930 
     20503233     ECG4   3930 
     20503234     ECG4   3930 
     20503235     ECG4   3930 
     20503236     ECG4   3930 
